{"D:\\Coding\\nm\\index.js": {"path":"D:\\Coding\\nm\\index.js","statementMap":{"0":{"start":{"line":3,"column":0},"end":{"line":3,"column":34}},"1":{"start":{"line":5,"column":13},"end":{"line":5,"column":28}},"2":{"start":{"line":6,"column":19},"end":{"line":6,"column":46}},"3":{"start":{"line":8,"column":13},"end":{"line":8,"column":23}},"4":{"start":{"line":11,"column":0},"end":{"line":111,"column":1}},"5":{"start":{"line":81,"column":39},"end":{"line":81,"column":72}},"6":{"start":{"line":83,"column":41},"end":{"line":83,"column":78}},"7":{"start":{"line":85,"column":25},"end":{"line":85,"column":57}},"8":{"start":{"line":87,"column":25},"end":{"line":87,"column":57}},"9":{"start":{"line":89,"column":29},"end":{"line":89,"column":65}},"10":{"start":{"line":91,"column":26},"end":{"line":91,"column":59}},"11":{"start":{"line":93,"column":30},"end":{"line":93,"column":63}},"12":{"start":{"line":97,"column":4},"end":{"line":97,"column":16}},"13":{"start":{"line":101,"column":21},"end":{"line":101,"column":28}},"14":{"start":{"line":102,"column":28},"end":{"line":102,"column":34}},"15":{"start":{"line":103,"column":16},"end":{"line":103,"column":29}},"16":{"start":{"line":104,"column":4},"end":{"line":104,"column":32}},"17":{"start":{"line":105,"column":4},"end":{"line":107,"column":5}},"18":{"start":{"line":106,"column":6},"end":{"line":106,"column":60}},"19":{"start":{"line":108,"column":4},"end":{"line":108,"column":66}},"20":{"start":{"line":109,"column":4},"end":{"line":109,"column":31}}},"fnMap":{"0":{"name":"(anonymous_0)","decl":{"start":{"line":81,"column":28},"end":{"line":81,"column":29}},"loc":{"start":{"line":81,"column":39},"end":{"line":81,"column":72}},"line":81},"1":{"name":"(anonymous_1)","decl":{"start":{"line":83,"column":30},"end":{"line":83,"column":31}},"loc":{"start":{"line":83,"column":41},"end":{"line":83,"column":78}},"line":83},"2":{"name":"(anonymous_2)","decl":{"start":{"line":85,"column":14},"end":{"line":85,"column":15}},"loc":{"start":{"line":85,"column":25},"end":{"line":85,"column":57}},"line":85},"3":{"name":"(anonymous_3)","decl":{"start":{"line":87,"column":14},"end":{"line":87,"column":15}},"loc":{"start":{"line":87,"column":25},"end":{"line":87,"column":57}},"line":87},"4":{"name":"(anonymous_4)","decl":{"start":{"line":89,"column":18},"end":{"line":89,"column":19}},"loc":{"start":{"line":89,"column":29},"end":{"line":89,"column":65}},"line":89},"5":{"name":"(anonymous_5)","decl":{"start":{"line":91,"column":15},"end":{"line":91,"column":16}},"loc":{"start":{"line":91,"column":26},"end":{"line":91,"column":59}},"line":91},"6":{"name":"(anonymous_6)","decl":{"start":{"line":93,"column":19},"end":{"line":93,"column":20}},"loc":{"start":{"line":93,"column":30},"end":{"line":93,"column":63}},"line":93},"7":{"name":"(anonymous_7)","decl":{"start":{"line":95,"column":10},"end":{"line":95,"column":11}},"loc":{"start":{"line":95,"column":35},"end":{"line":99,"column":3}},"line":95},"8":{"name":"(anonymous_8)","decl":{"start":{"line":100,"column":12},"end":{"line":100,"column":13}},"loc":{"start":{"line":100,"column":29},"end":{"line":110,"column":3}},"line":100}},"branchMap":{"0":{"loc":{"start":{"line":105,"column":4},"end":{"line":107,"column":5}},"type":"if","locations":[{"start":{"line":105,"column":4},"end":{"line":107,"column":5}},{"start":{"line":105,"column":4},"end":{"line":107,"column":5}}],"line":105}},"s":{"0":1,"1":1,"2":1,"3":1,"4":1,"5":1,"6":1,"7":1,"8":1,"9":1,"10":1,"11":1,"12":1,"13":1,"14":1,"15":1,"16":1,"17":1,"18":1,"19":1,"20":1},"f":{"0":1,"1":1,"2":1,"3":1,"4":1,"5":1,"6":1,"7":1,"8":1},"b":{"0":[1,0]},"_coverageSchema":"1a1c01bbd47fc00a2c39e90264f33305004495a9","hash":"555b14e7b0657eaeac5394b6043822131f2f4ff6"}
}
